<?xml version="1.0" encoding="UTF-8"?>
<testng-results ignored="0" total="1" passed="1" failed="0" skipped="0">
  <reporter-output>
  </reporter-output>
  <suite started-at="2024-02-26T16:04:57 IST" name="Default suite" finished-at="2024-02-26T16:05:07 IST" duration-ms="10032">
    <groups>
    </groups>
    <test started-at="2024-02-26T16:04:57 IST" name="Default test" finished-at="2024-02-26T16:05:07 IST" duration-ms="10032">
      <class name="git.Gitfb">
        <test-method signature="f()[pri:0, instance:git.Gitfb@29647f75]" started-at="2024-02-26T16:04:57 IST" name="f" finished-at="2024-02-26T16:05:07 IST" duration-ms="9950" status="PASS">
          <reporter-output>
          </reporter-output>
        </test-method> <!-- f -->
      </class> <!-- git.Gitfb -->
    </test> <!-- Default test -->
  </suite> <!-- Default suite -->
</testng-results>
